bd621df Agregando los dos parrafos
80f3dd3 Resolviendo conflicto en listado
962ad3b Agregando lista con palabra modificado
dea7eb1 Agregando lista de cambios
5c70161 Resolviendo conflicto merge main html en el documento index.html 2
ece4e9a Resolviendo conflicto merge main html en el documento index.html
a5f4843 Agregando js al fichero html
97197a2 Añadiendo hoja de estilos a html
ba8d261 Arreglando
08227f8 Merge branch 'js'
20bc6da Añadiendo puntos
d4374ab creando script.js
7ec2721 cambios
9a6e9b8 Agregando fichero style.css
0d01df5 Cambio desde rama main
af2dd49 Agregando mas codigo
04af47a Agregando mi html
56b9d5a Agregando fichero .gitignore
d5423e4 Cambio desde otra pc
99a627c Mi primer commit de este proyecto, agregando contenido a README.md
849f8a0 Mi primer commit
